# JRE version: Java(TM) SE Runtime Environment (8.0_151-b12) (build 1.8.0_151-b12)
# Java VM: Java HotSpot(TM) 64-Bit Server VM (25.151-b12 mixed mode windows-amd64 compressed oops)
Heap:
 PSYoungGen      total 338944K, used 318997K [0x00000000d5f00000, 0x00000000ec480000, 0x0000000100000000)
  eden space 328704K, 94% used [0x00000000d5f00000,0x00000000e8ccc308,0x00000000ea000000)
  from space 10240K, 97% used [0x00000000eba80000,0x00000000ec4394c8,0x00000000ec480000)
  to   space 18432K, 0% used [0x00000000ea080000,0x00000000ea080000,0x00000000eb280000)
 ParOldGen       total 92160K, used 30830K [0x0000000081c00000, 0x0000000087600000, 0x00000000d5f00000)
  object space 92160K, 33% used [0x0000000081c00000,0x0000000083a1ba78,0x0000000087600000)
 Metaspace       used 46865K, capacity 47690K, committed 47872K, reserved 1091584K
  class space    used 6344K, capacity 6532K, committed 6656K, reserved 1048576K
GC Heap History (10 events):
Event: 14.951 GC heap before
{Heap before GC invocations=16 (full 1):
 PSYoungGen      total 198656K, used 198649K [0x00000000d5f00000, 0x00000000e3780000, 0x0000000100000000)
  eden space 182784K, 100% used [0x00000000d5f00000,0x00000000e1180000,0x00000000e1180000)
  from space 15872K, 99% used [0x00000000e2380000,0x00000000e32fe780,0x00000000e3300000)
  to   space 18432K, 0% used [0x00000000e1180000,0x00000000e1180000,0x00000000e2380000)
 ParOldGen       total 55296K, used 25838K [0x0000000081c00000, 0x0000000085200000, 0x00000000d5f00000)
  object space 55296K, 46% used [0x0000000081c00000,0x000000008353b868,0x0000000085200000)
 Metaspace       used 23079K, capacity 23518K, committed 23680K, reserved 1069056K
  class space    used 3037K, capacity 3140K, committed 3200K, reserved 1048576K
Event: 14.966 GC heap after
Heap after GC invocations=16 (full 1):
 PSYoungGen      total 201216K, used 11170K [0x00000000d5f00000, 0x00000000e8780000, 0x0000000100000000)
  eden space 182784K, 0% used [0x00000000d5f00000,0x00000000d5f00000,0x00000000e1180000)
  from space 18432K, 60% used [0x00000000e1180000,0x00000000e1c689e8,0x00000000e2380000)
  to   space 18432K, 0% used [0x00000000e7580000,0x00000000e7580000,0x00000000e8780000)
 ParOldGen       total 55296K, used 25878K [0x0000000081c00000, 0x0000000085200000, 0x00000000d5f00000)
  object space 55296K, 46% used [0x0000000081c00000,0x0000000083545868,0x0000000085200000)
 Metaspace       used 23079K, capacity 23518K, committed 23680K, reserved 1069056K
  class space    used 3037K, capacity 3140K, committed 3200K, reserved 1048576K
}
Event: 17.331 GC heap before
{Heap before GC invocations=17 (full 1):
 PSYoungGen      total 201216K, used 193954K [0x00000000d5f00000, 0x00000000e8780000, 0x0000000100000000)
  eden space 182784K, 100% used [0x00000000d5f00000,0x00000000e1180000,0x00000000e1180000)
  from space 18432K, 60% used [0x00000000e1180000,0x00000000e1c689e8,0x00000000e2380000)
  to   space 18432K, 0% used [0x00000000e7580000,0x00000000e7580000,0x00000000e8780000)
 ParOldGen       total 55296K, used 25878K [0x0000000081c00000, 0x0000000085200000, 0x00000000d5f00000)
  object space 55296K, 46% used [0x0000000081c00000,0x0000000083545868,0x0000000085200000)
 Metaspace       used 27020K, capacity 27480K, committed 27776K, reserved 1073152K
  class space    used 3593K, capacity 3699K, committed 3712K, reserved 1048576K
Event: 17.345 GC heap after
Heap after GC invocations=17 (full 1):
 PSYoungGen      total 274944K, used 8293K [0x00000000d5f00000, 0x00000000e8180000, 0x0000000100000000)
  eden space 262656K, 0% used [0x00000000d5f00000,0x00000000d5f00000,0x00000000e5f80000)
  from space 12288K, 67% used [0x00000000e7580000,0x00000000e7d99420,0x00000000e8180000)
  to   space 17408K, 0% used [0x00000000e5f80000,0x00000000e5f80000,0x00000000e7080000)
 ParOldGen       total 55296K, used 28333K [0x0000000081c00000, 0x0000000085200000, 0x00000000d5f00000)
  object space 55296K, 51% used [0x0000000081c00000,0x00000000837ab538,0x0000000085200000)
 Metaspace       used 27020K, capacity 27480K, committed 27776K, reserved 1073152K
  class space    used 3593K, capacity 3699K, committed 3712K, reserved 1048576K
}
Event: 20.334 GC heap before
{Heap before GC invocations=18 (full 1):
 PSYoungGen      total 274944K, used 262580K [0x00000000d5f00000, 0x00000000e8180000, 0x0000000100000000)
  eden space 262656K, 96% used [0x00000000d5f00000,0x00000000e5753e98,0x00000000e5f80000)
  from space 12288K, 67% used [0x00000000e7580000,0x00000000e7d99420,0x00000000e8180000)
  to   space 17408K, 0% used [0x00000000e5f80000,0x00000000e5f80000,0x00000000e7080000)
 ParOldGen       total 55296K, used 28333K [0x0000000081c00000, 0x0000000085200000, 0x00000000d5f00000)
  object space 55296K, 51% used [0x0000000081c00000,0x00000000837ab538,0x0000000085200000)
 Metaspace       used 34743K, capacity 35250K, committed 35416K, reserved 1079296K
  class space    used 4728K, capacity 4850K, committed 4864K, reserved 1048576K
Event: 20.360 GC heap after
Heap after GC invocations=18 (full 1):
 PSYoungGen      total 280064K, used 14987K [0x00000000d5f00000, 0x00000000ecd00000, 0x0000000100000000)
  eden space 262656K, 0% used [0x00000000d5f00000,0x00000000d5f00000,0x00000000e5f80000)
  from space 17408K, 86% used [0x00000000e5f80000,0x00000000e6e22d58,0x00000000e7080000)
  to   space 18944K, 0% used [0x00000000eba80000,0x00000000eba80000,0x00000000ecd00000)
 ParOldGen       total 55296K, used 32701K [0x0000000081c00000, 0x0000000085200000, 0x00000000d5f00000)
  object space 55296K, 59% used [0x0000000081c00000,0x0000000083bef578,0x0000000085200000)
 Metaspace       used 34743K, capacity 35250K, committed 35416K, reserved 1079296K
  class space    used 4728K, capacity 4850K, committed 4864K, reserved 1048576K
}
Event: 20.360 GC heap before
{Heap before GC invocations=19 (full 2):
 PSYoungGen      total 280064K, used 14987K [0x00000000d5f00000, 0x00000000ecd00000, 0x0000000100000000)
  eden space 262656K, 0% used [0x00000000d5f00000,0x00000000d5f00000,0x00000000e5f80000)
  from space 17408K, 86% used [0x00000000e5f80000,0x00000000e6e22d58,0x00000000e7080000)
  to   space 18944K, 0% used [0x00000000eba80000,0x00000000eba80000,0x00000000ecd00000)
 ParOldGen       total 55296K, used 32701K [0x0000000081c00000, 0x0000000085200000, 0x00000000d5f00000)
  object space 55296K, 59% used [0x0000000081c00000,0x0000000083bef578,0x0000000085200000)
 Metaspace       used 34743K, capacity 35250K, committed 35416K, reserved 1079296K
  class space    used 4728K, capacity 4850K, committed 4864K, reserved 1048576K
Event: 20.466 GC heap after
Heap after GC invocations=19 (full 2):
 PSYoungGen      total 280064K, used 0K [0x00000000d5f00000, 0x00000000ecd00000, 0x0000000100000000)
  eden space 262656K, 0% used [0x00000000d5f00000,0x00000000d5f00000,0x00000000e5f80000)
  from space 17408K, 0% used [0x00000000e5f80000,0x00000000e5f80000,0x00000000e7080000)
  to   space 18944K, 0% used [0x00000000eba80000,0x00000000eba80000,0x00000000ecd00000)
 ParOldGen       total 92160K, used 30822K [0x0000000081c00000, 0x0000000087600000, 0x00000000d5f00000)
  object space 92160K, 33% used [0x0000000081c00000,0x0000000083a19a78,0x0000000087600000)
 Metaspace       used 34743K, capacity 35250K, committed 35416K, reserved 1079296K
  class space    used 4728K, capacity 4850K, committed 4864K, reserved 1048576K
}
Event: 23.324 GC heap before
{Heap before GC invocations=20 (full 2):
 PSYoungGen      total 280064K, used 262656K [0x00000000d5f00000, 0x00000000ecd00000, 0x0000000100000000)
  eden space 262656K, 100% used [0x00000000d5f00000,0x00000000e5f80000,0x00000000e5f80000)
  from space 17408K, 0% used [0x00000000e5f80000,0x00000000e5f80000,0x00000000e7080000)
  to   space 18944K, 0% used [0x00000000eba80000,0x00000000eba80000,0x00000000ecd00000)
 ParOldGen       total 92160K, used 30822K [0x0000000081c00000, 0x0000000087600000, 0x00000000d5f00000)
  object space 92160K, 33% used [0x0000000081c00000,0x0000000083a19a78,0x0000000087600000)
 Metaspace       used 37833K, capacity 38414K, committed 38656K, reserved 1083392K
  class space    used 5185K, capacity 5340K, committed 5376K, reserved 1048576K
Event: 23.343 GC heap after
Heap after GC invocations=20 (full 2):
 PSYoungGen      total 338944K, used 9957K [0x00000000d5f00000, 0x00000000ec480000, 0x0000000100000000)
  eden space 328704K, 0% used [0x00000000d5f00000,0x00000000d5f00000,0x00000000ea000000)
  from space 10240K, 97% used [0x00000000eba80000,0x00000000ec4394c8,0x00000000ec480000)
  to   space 18432K, 0% used [0x00000000ea080000,0x00000000ea080000,0x00000000eb280000)
 ParOldGen       total 92160K, used 30830K [0x0000000081c00000, 0x0000000087600000, 0x00000000d5f00000)
  object space 92160K, 33% used [0x0000000081c00000,0x0000000083a1ba78,0x0000000087600000)
 Metaspace       used 37833K, capacity 38414K, committed 38656K, reserved 1083392K
  class space    used 5185K, capacity 5340K, committed 5376K, reserved 1048576K
}

